Could not reverse url from auth.user
Could not reverse url from auth.user
Could not reverse url from auth.user
Could not reverse url from auth.user
Could not reverse url from auth.user
Not Found: /static/vendor/fontawesome-free/css/all.min.css
Not Found: /static/jazzmin/js/main.js
Not Found: /static/vendor/adminlte/css/adminlte.min.css
Not Found: /static/jazzmin/css/main.css
Not Found: /static/admin/js/vendor/jquery/jquery.js
Not Found: /static/vendor/adminlte/js/adminlte.min.js
Not Found: /static/vendor/bootstrap/js/bootstrap.min.js
Not Found: /static/vendor/adminlte/img/AdminLTELogo.png
Not Found: /static/vendor/adminlte/img/AdminLTELogo.png
Not Found: /favicon.ico
Not Found: /static/vendor/adminlte/img/AdminLTELogo.png
Could not reverse url from auth.user
Not Found: /favicon.ico
Not Found: /static/vendor/fontawesome-free/css/all.min.css
Not Found: /static/vendor/adminlte/css/adminlte.min.css
Not Found: /static/vendor/adminlte/img/AdminLTELogo.png
Not Found: /static/jazzmin/css/main.css
Not Found: /favicon.ico
Not Found: /static/vendor/adminlte/img/AdminLTELogo.png
Not Found: /favicon.ico
Not Found: /static/vendor/adminlte/img/AdminLTELogo.png
Not Found: /favicon.ico
Not Found: /static/vendor/adminlte/img/AdminLTELogo.png
Could not reverse url from auth.user
Not Found: /static/jazzmin/css/main.css
Not Found: /favicon.ico
Not Found: /static/vendor/adminlte/css/adminlte.min.css
Not Found: /static/vendor/fontawesome-free/css/all.min.css
Not Found: /static/admin/js/vendor/jquery/jquery.js
Not Found: /static/vendor/adminlte/js/adminlte.min.js
Not Found: /static/vendor/bootstrap/js/bootstrap.min.js
Not Found: /static/vendor/adminlte/img/AdminLTELogo.png
Not Found: /static/vendor/adminlte/img/AdminLTELogo.png
Not Found: /favicon.ico
Not Found: /favicon.ico
Not Found: /favicon.ico
Not Found: /favicon.ico
Not Found: /favicon.ico
Not Found: /favicon.ico
Not Found: /favicon.ico
Not Found: /favicon.ico
Not Found: /favicon.ico
Not Found: /favicon.ico
Not Found: /favicon.ico
Not Found: /favicon.ico
Not Found: /static/vendor/adminlte/img/AdminLTELogo.png
Not Found: /logn
Not Found: /favicon.ico
Not Found: /favicon.ico
Not Found: /favicon.ico
Not Found: /favicon.ico
Not Found: /favicon.ico
Not Found: /favicon.ico
Not Found: /favicon.ico
Not Found: /favicon.ico
Not Found: /favicon.ico
Not Found: /favicon.ico
Could not reverse url from auth.user
Could not reverse url from auth.user
Could not reverse url from auth.user
Could not reverse url from auth.user
Could not reverse url from auth.user
Not Found: /static/vendor/fontawesome-free/css/all.min.css
Not Found: /static/vendor/adminlte/css/adminlte.min.css
Not Found: /static/jazzmin/css/main.css
Not Found: /static/admin/js/vendor/jquery/jquery.js
Not Found: /static/vendor/bootstrap/js/bootstrap.min.js
Not Found: /static/vendor/adminlte/js/adminlte.min.js
Not Found: /static/jazzmin/js/main.js
Not Found: /static/vendor/adminlte/img/AdminLTELogo.png
Not Found: /static/admin/js/vendor/jquery/jquery.js
Not Found: /static/vendor/adminlte/img/AdminLTELogo.png
Not Found: /static/vendor/bootstrap/js/bootstrap.min.js
Not Found: /static/vendor/adminlte/js/adminlte.min.js
Not Found: /static/jazzmin/js/main.js
Not Found: /static/vendor/adminlte/img/AdminLTELogo.png
Not Found: /static/vendor/fontawesome-free/css/all.min.css
Not Found: /static/vendor/adminlte/css/adminlte.min.css
Not Found: /static/jazzmin/css/main.css
Could not reverse url from auth.user
Could not reverse url from auth.user
Could not reverse url from auth.user
Could not reverse url from auth.user
Could not reverse url from auth.user
Not Found: /static/vendor/fontawesome-free/css/all.min.css
Not Found: /static/vendor/adminlte/css/adminlte.min.css
Not Found: /static/jazzmin/css/main.css
Not Found: /static/admin/js/vendor/jquery/jquery.js
Not Found: /static/vendor/bootstrap/js/bootstrap.min.js
Not Found: /static/vendor/adminlte/js/adminlte.min.js
Not Found: /static/jazzmin/js/main.js
Not Found: /static/vendor/adminlte/img/AdminLTELogo.png
Not Found: /static/admin/js/vendor/jquery/jquery.js
Not Found: /static/vendor/adminlte/img/AdminLTELogo.png
Not Found: /static/vendor/bootstrap/js/bootstrap.min.js
Not Found: /static/vendor/adminlte/js/adminlte.min.js
Not Found: /static/jazzmin/js/main.js
Not Found: /static/vendor/adminlte/img/AdminLTELogo.png
Not Found: /static/vendor/adminlte/img/AdminLTELogo.png
Not Found: /static/vendor/adminlte/img/AdminLTELogo.png
Not Found: /favicon.ico
Not Found: /static/
Could not reverse url from auth.user
Could not reverse url from auth.user
Could not reverse url from auth.user
Could not reverse url from auth.user
Could not reverse url from auth.user
Not Found: /static/vendor/fontawesome-free/css/all.min.css
Not Found: /static/jazzmin/css/main.css
Not Found: /static/vendor/adminlte/css/adminlte.min.css
Not Found: /static/admin/js/vendor/jquery/jquery.js
Not Found: /static/vendor/adminlte/js/adminlte.min.js
Not Found: /static/vendor/bootstrap/js/bootstrap.min.js
Not Found: /static/jazzmin/js/main.js
Not Found: /static/vendor/adminlte/img/AdminLTELogo.png
Not Found: /static/vendor/adminlte/img/AdminLTELogo.png
Not Found: /static/admin/js/vendor/jquery/jquery.js
Not Found: /static/vendor/bootstrap/js/bootstrap.min.js
Not Found: /static/vendor/adminlte/js/adminlte.min.js
Not Found: /static/jazzmin/js/main.js
Not Found: /static/jazzmin/css/main.css
Could not reverse url from auth.user
Could not reverse url from auth.user
Could not reverse url from auth.user
Could not reverse url from auth.user
Could not reverse url from auth.user
Not Found: /static/vendor/fontawesome-free/css/all.min.css
Not Found: /static/vendor/adminlte/css/adminlte.min.css
Not Found: /static/jazzmin/css/main.css
Not Found: /static/admin/js/vendor/jquery/jquery.js
Not Found: /static/vendor/adminlte/js/adminlte.min.js
Not Found: /static/vendor/bootstrap/js/bootstrap.min.js
Not Found: /static/jazzmin/js/main.js
Not Found: /static/vendor/adminlte/img/AdminLTELogo.png
Not Found: /static/admin/js/vendor/jquery/jquery.js
Not Found: /static/vendor/adminlte/img/AdminLTELogo.png
Not Found: /static/vendor/adminlte/js/adminlte.min.js
Could not reverse url from auth.user
Not Found: /static/vendor/fontawesome-free/css/all.min.css
Not Found: /static/vendor/adminlte/css/adminlte.min.css
Not Found: /static/jazzmin/css/main.css
Not Found: /static/vendor/adminlte/img/AdminLTELogo.png
Not Found: /static/vendor/adminlte/img/AdminLTELogo.png
Could not reverse url from auth.user
Not Found: /static/vendor/adminlte/css/adminlte.min.css
Not Found: /static/vendor/fontawesome-free/css/all.min.css
Not Found: /static/jazzmin/css/main.css
Not Found: /static/admin/js/vendor/jquery/jquery.js
Not Found: /static/vendor/bootstrap/js/bootstrap.min.js
Not Found: /static/vendor/adminlte/js/adminlte.min.js
Not Found: /static/vendor/adminlte/img/AdminLTELogo.png
Not Found: /static/vendor/adminlte/img/AdminLTELogo.png
Could not reverse url from auth.user
Not Found: /static/vendor/fontawesome-free/css/all.min.css
Not Found: /static/vendor/adminlte/css/adminlte.min.css
Not Found: /static/jazzmin/css/main.css
Not Found: /static/admin/js/vendor/jquery/jquery.js
Not Found: /static/vendor/bootstrap/js/bootstrap.min.js
Not Found: /static/vendor/adminlte/js/adminlte.min.js
Not Found: /static/vendor/adminlte/img/AdminLTELogo.png
Not Found: /static/vendor/adminlte/img/AdminLTELogo.png
Could not reverse url from auth.user
Not Found: /static/vendor/adminlte/css/adminlte.min.css
Not Found: /static/vendor/fontawesome-free/css/all.min.css
Not Found: /static/jazzmin/css/main.css
Not Found: /static/admin/js/vendor/jquery/jquery.js
Not Found: /static/vendor/bootstrap/js/bootstrap.min.js
Not Found: /static/vendor/adminlte/img/AdminLTELogo.png
Not Found: /static/vendor/adminlte/js/adminlte.min.js
Not Found: /static/vendor/adminlte/img/AdminLTELogo.png
Not Found: /static/vendor/adminlte/img/AdminLTELogo.png
Could not reverse url from auth.user
Not Found: /static/vendor/adminlte/css/adminlte.min.css
Not Found: /static/vendor/fontawesome-free/css/all.min.css
Not Found: /static/jazzmin/css/main.css
Not Found: /static/admin/js/vendor/jquery/jquery.js
Not Found: /static/vendor/bootstrap/js/bootstrap.min.js
Not Found: /static/vendor/adminlte/js/adminlte.min.js
Not Found: /static/vendor/adminlte/img/AdminLTELogo.png
Not Found: /static/vendor/adminlte/img/AdminLTELogo.png
Could not reverse url from auth.user
Not Found: /static/vendor/fontawesome-free/css/all.min.css
Not Found: /static/vendor/adminlte/css/adminlte.min.css
Not Found: /static/jazzmin/css/main.css
Not Found: /static/vendor/bootstrap/js/bootstrap.min.js
Not Found: /static/vendor/adminlte/js/adminlte.min.js
Not Found: /static/vendor/adminlte/img/AdminLTELogo.png
Not Found: /static/vendor/adminlte/img/AdminLTELogo.png
Not Found: /static/vendor/adminlte/img/AdminLTELogo.png
Could not reverse url from auth.user
Not Found: /static/vendor/fontawesome-free/css/all.min.css
Not Found: /static/vendor/adminlte/css/adminlte.min.css
Not Found: /static/jazzmin/css/main.css
Not Found: /static/vendor/bootstrap/js/bootstrap.min.js
Not Found: /static/vendor/adminlte/js/adminlte.min.js
Not Found: /static/vendor/adminlte/img/AdminLTELogo.png
Not Found: /static/vendor/adminlte/img/AdminLTELogo.png
Could not reverse url from auth.user
Not Found: /static/vendor/fontawesome-free/css/all.min.css
Not Found: /static/vendor/adminlte/css/adminlte.min.css
Not Found: /static/jazzmin/css/main.css
Not Found: /static/vendor/bootstrap/js/bootstrap.min.js
Not Found: /static/vendor/adminlte/js/adminlte.min.js
Not Found: /static/vendor/adminlte/img/AdminLTELogo.png
Not Found: /static/vendor/adminlte/img/AdminLTELogo.png
Could not reverse url from auth.user
Not Found: /static/vendor/fontawesome-free/css/all.min.css
Not Found: /static/vendor/adminlte/css/adminlte.min.css
Not Found: /static/vendor/bootstrap/js/bootstrap.min.js
Not Found: /static/vendor/adminlte/js/adminlte.min.js
Not Found: /static/vendor/adminlte/img/AdminLTELogo.png
Not Found: /static/vendor/adminlte/img/AdminLTELogo.png
Not Found: /static/vendor/adminlte/img/AdminLTELogo.png
Could not reverse url from auth.user
Could not reverse url from auth.user
Could not reverse url from auth.user
Could not reverse url from auth.user
Could not reverse url from auth.user
Could not reverse url from auth.user
Could not reverse url from auth.user
Could not reverse url from auth.user
Could not reverse url from auth.user
Could not reverse url from auth.user
Could not reverse url from auth.user
Could not reverse url from auth.user
Not Found: /favicon.ico
Could not reverse url from auth.user
Could not reverse url from auth.user
Could not reverse url from auth.user
Could not reverse url from auth.user
Could not reverse url from auth.user
Could not reverse url from auth.user
Could not reverse url from auth.user
Could not reverse url from auth.user
Could not reverse url from auth.user
Could not reverse url from auth.user
Could not reverse url from auth.user
Could not reverse url from auth.user
Could not reverse url from auth.user
Could not reverse url from auth.user
Could not reverse url from auth.user
Could not reverse url from auth.user
Could not reverse url from auth.user
Could not reverse url from auth.user
Could not reverse url from auth.user
Could not reverse url from auth.user
Could not reverse url from auth.user
Could not reverse url from auth.user
Could not reverse url from auth.user
Could not reverse url from auth.user
Could not reverse url from auth.user
Could not reverse url from auth.user
Could not reverse url from auth.user
Could not reverse url from auth.user
Could not reverse url from auth.user
Could not reverse url from auth.user
Could not reverse url from auth.user
Could not reverse url from auth.user
Could not reverse url from auth.user
Could not reverse url from auth.user
Could not reverse url from auth.user
Could not reverse url from auth.user
Could not reverse url from auth.user
Could not reverse url from auth.user
Could not reverse url from auth.user
Could not reverse url from auth.user
Could not reverse url from auth.user
Could not reverse url from auth.user
Could not reverse url from auth.user
Could not reverse url from auth.user
Could not reverse url from auth.user
Could not reverse url from auth.user
Could not reverse url from auth.user
Not Found: /profile/
Not Found: /favicon.ico
Could not reverse url from auth.user
Could not reverse url from auth.user
Could not reverse url from auth.user
Could not reverse url from auth.user
Could not reverse url from auth.user
Could not reverse url from auth.user
Could not reverse url from auth.user
Could not reverse url from auth.user
Could not reverse url from auth.user
Could not reverse url from auth.user
Could not reverse url from auth.user
Could not reverse url from auth.user
Could not reverse url from auth.user
Could not reverse url from auth.user
Could not reverse url from auth.user
Could not reverse url from auth.user
Could not reverse url from auth.user
Could not reverse url from auth.user
Could not reverse url from auth.user
Could not reverse url from auth.user
Could not reverse url from auth.user
Could not reverse url from auth.user
Could not reverse url from auth.user
Could not reverse url from auth.user
Could not reverse url from auth.user
Could not reverse url from auth.user
Could not reverse url from auth.user
Could not reverse url from auth.user
Could not reverse url from auth.user
Could not reverse url from auth.user
Could not reverse url from auth.user
Could not reverse url from auth.user
Could not reverse url from auth.user
Could not reverse url from auth.user
Could not reverse url from auth.user
Could not reverse url from auth.user
Could not reverse url from auth.user
Could not reverse url from auth.user
Could not reverse url from auth.user
Could not reverse url from auth.user
Could not reverse url from auth.user
Could not reverse url from auth.user
Could not reverse url from auth.user
Could not reverse url from auth.user
Could not reverse url from auth.user
Could not reverse url from auth.user
Could not reverse url from auth.user
Could not reverse url from auth.user
Could not reverse url from auth.user
Could not reverse url from auth.user
Could not reverse url from auth.user
Could not reverse url from auth.user
Could not reverse url from auth.user
Could not reverse url from auth.user
Could not reverse url from auth.user
Could not reverse url from auth.user
Could not reverse url from auth.user
Could not reverse url from auth.user
Could not reverse url from auth.user
Could not reverse url from auth.user
Could not reverse url from auth.user
Could not reverse url from auth.user
Could not reverse url from auth.user
Could not reverse url from auth.user
Could not reverse url from auth.user
Could not reverse url from auth.user
Could not reverse url from auth.user
Could not reverse url from auth.user
Could not reverse url from auth.user
Could not reverse url from auth.user
Could not reverse url from auth.user
Could not reverse url from auth.user
Could not reverse url from auth.user
Could not reverse url from auth.user
Could not reverse url from auth.user
Could not reverse url from auth.user
Could not reverse url from auth.user
Could not reverse url from auth.user
Could not reverse url from auth.user
Could not reverse url from auth.user
Could not reverse url from auth.user
Could not reverse url from auth.user
Could not reverse url from auth.user
Could not reverse url from auth.user
Could not reverse url from auth.user
Could not reverse url from auth.user
Could not reverse url from auth.user
Could not reverse url from auth.user
Could not reverse url from auth.user
Could not reverse url from auth.user
Could not reverse url from auth.user
Could not reverse url from auth.user
Could not reverse url from auth.user
Could not reverse url from auth.user
Could not reverse url from auth.user
Could not reverse url from auth.user
Could not reverse url from auth.user
Could not reverse url from auth.user
Could not reverse url from auth.user
Could not reverse url from auth.user
Could not reverse url from auth.user
Not Found: /robots.txt
Not Found: /teacher/08-35-119/2/classes/pages-faq.html
Not Found: /favicon.ico
Could not reverse url from auth.user
Could not reverse url from auth.user
Could not reverse url from auth.user
Could not reverse url from auth.user
Could not reverse url from auth.user
Could not reverse url from auth.user
Could not reverse url from auth.user
Could not reverse url from auth.user
Could not reverse url from auth.user
Could not reverse url from auth.user
Could not reverse url from auth.user
Could not reverse url from auth.user
Could not reverse url from auth.user
Could not reverse url from auth.user
Could not reverse url from auth.user
Could not reverse url from auth.user
Could not reverse url from auth.user
Could not reverse url from auth.user
Could not reverse url from auth.user
Could not reverse url from auth.user
Could not reverse url from auth.user
Could not reverse url from auth.user
Could not reverse url from auth.user
Could not reverse url from auth.user
Could not reverse url from auth.user
Could not reverse url from auth.user
Could not reverse url from auth.user
Could not reverse url from auth.user
Could not reverse url from auth.user
Could not reverse url from auth.user
Could not reverse url from auth.user
Could not reverse url from auth.user
Could not reverse url from auth.user
Could not reverse url from auth.user
Could not reverse url from auth.user
Could not reverse url from auth.user
Could not reverse url from auth.user
Could not reverse url from auth.user
Could not reverse url from auth.user
Could not reverse url from auth.user
Could not reverse url from auth.user
Could not reverse url from auth.user
Could not reverse url from auth.user
Could not reverse url from auth.user
Could not reverse url from auth.user
Could not reverse url from auth.user
Could not reverse url from auth.user
Could not reverse url from auth.user
Could not reverse url from auth.user
Could not reverse url from auth.user
Could not reverse url from auth.user
Could not reverse url from auth.user
Could not reverse url from auth.user
Could not reverse url from auth.user
Not Found: /robots.txt
Not Found: /3.8/bin/python
Not Found: /robots.txt
Not Found: /robots.txt
Not Found: /ad
Not Found: /favicon.ico
Could not reverse url from auth.user
Could not reverse url from auth.user
Could not reverse url from auth.user
Could not reverse url from auth.user
Could not reverse url from auth.user
Could not reverse url from auth.user
Could not reverse url from auth.user
Could not reverse url from auth.user
Could not reverse url from auth.user
Could not reverse url from auth.user
Could not reverse url from auth.user
Not Found: /robots.txt
Could not reverse url from auth.user
Could not reverse url from auth.user
Could not reverse url from auth.user
Could not reverse url from auth.user
Could not reverse url from auth.user
Not Found: /favicon.ico
